0 info it worked if it ends with ok
1 verbose cli [ '/Users/leizhao/.nvm/versions/node/v6.10.1/bin/node',
1 verbose cli   '/Users/leizhao/.nvm/versions/node/v6.10.1/bin/npm',
1 verbose cli   'run',
1 verbose cli   'webpack:dev' ]
2 info using npm@3.10.10
3 info using node@v6.10.1
4 verbose run-script [ 'prewebpack:dev', 'webpack:dev', 'postwebpack:dev' ]
5 info lifecycle preact-minimal@1.0.0~prewebpack:dev: preact-minimal@1.0.0
6 silly lifecycle preact-minimal@1.0.0~prewebpack:dev: no script for prewebpack:dev, continuing
7 info lifecycle preact-minimal@1.0.0~webpack:dev: preact-minimal@1.0.0
8 verbose lifecycle preact-minimal@1.0.0~webpack:dev: unsafe-perm in lifecycle true
9 verbose lifecycle preact-minimal@1.0.0~webpack:dev: PATH: /Users/leizhao/.nvm/versions/node/v6.10.1/lib/node_modules/npm/bin/node-gyp-bin:/Users/leizhao/src/wx-aggregator/src/node_modules/.bin:/Users/leizhao/.nvm/versions/node/v6.10.1/lib/node_modules/npm/bin/node-gyp-bin:/Users/leizhao/src/wx-aggregator/src/node_modules/.bin:/Users/leizhao/.nvm/versions/node/v6.10.1/bin:/usr/local/opt/jenv/shims:/Users/leizhao/.jenv/bin:/usr/bin:/bin:/usr/sbin:/sbin:/usr/local/bin:/Users/leizhao/.composer/vendor/bin
10 verbose lifecycle preact-minimal@1.0.0~webpack:dev: CWD: /Users/leizhao/src/wx-aggregator/src
11 silly lifecycle preact-minimal@1.0.0~webpack:dev: Args: [ '-c',
11 silly lifecycle   'webpack-dev-server --config ./config/webpack.config.dev.babel.js --env=developement' ]
12 info lifecycle preact-minimal@1.0.0~webpack:dev: Failed to exec webpack:dev script
13 verbose stack Error: preact-minimal@1.0.0 webpack:dev: `webpack-dev-server --config ./config/webpack.config.dev.babel.js --env=developement`
13 verbose stack spawn ENOENT
13 verbose stack     at ChildProcess.<anonymous> (/Users/leizhao/.nvm/versions/node/v6.10.1/lib/node_modules/npm/lib/utils/spawn.js:33:16)
13 verbose stack     at emitTwo (events.js:106:13)
13 verbose stack     at ChildProcess.emit (events.js:191:7)
13 verbose stack     at maybeClose (internal/child_process.js:886:16)
13 verbose stack     at Process.ChildProcess._handle.onexit (internal/child_process.js:226:5)
14 verbose pkgid preact-minimal@1.0.0
15 verbose cwd /Users/leizhao/src/wx-aggregator/src
16 error Darwin 16.6.0
17 error argv "/Users/leizhao/.nvm/versions/node/v6.10.1/bin/node" "/Users/leizhao/.nvm/versions/node/v6.10.1/bin/npm" "run" "webpack:dev"
18 error node v6.10.1
19 error npm  v3.10.10
20 error file sh
21 error code ELIFECYCLE
22 error errno ENOENT
23 error syscall spawn
24 error preact-minimal@1.0.0 webpack:dev: `webpack-dev-server --config ./config/webpack.config.dev.babel.js --env=developement`
24 error spawn ENOENT
25 error Failed at the preact-minimal@1.0.0 webpack:dev script 'webpack-dev-server --config ./config/webpack.config.dev.babel.js --env=developement'.
25 error Make sure you have the latest version of node.js and npm installed.
25 error If you do, this is most likely a problem with the preact-minimal package,
25 error not with npm itself.
25 error Tell the author that this fails on your system:
25 error     webpack-dev-server --config ./config/webpack.config.dev.babel.js --env=developement
25 error You can get information on how to open an issue for this project with:
25 error     npm bugs preact-minimal
25 error Or if that isn't available, you can get their info via:
25 error     npm owner ls preact-minimal
25 error There is likely additional logging output above.
26 verbose exit [ 1, true ]
